2016-12-18 04:36:42.199 INFO  (main) [   ] o.e.j.s.Server jetty-9.3.8.v20160314
2016-12-18 04:36:42.763 INFO  (main) [   ] o.a.s.s.SolrDispatchFilter  ___      _       Welcome to Apache Solr? version 6.3.0
2016-12-18 04:36:42.764 INFO  (main) [   ] o.a.s.s.SolrDispatchFilter / __| ___| |_ _   Starting in standalone mode on port 8983
2016-12-18 04:36:42.764 INFO  (main) [   ] o.a.s.s.SolrDispatchFilter \__ \/ _ \ | '_|  Install dir: D:\ForCoding\workplace\XinChi\solr
2016-12-18 04:36:42.894 INFO  (main) [   ] o.a.s.s.SolrDispatchFilter |___/\___/_|_|    Start time: 2016-12-18T04:36:42.766Z
2016-12-18 04:36:42.895 INFO  (main) [   ] o.a.s.s.StartupLoggingUtils Property solr.log.muteconsole given. Muting ConsoleAppender named CONSOLE
2016-12-18 04:36:43.065 INFO  (main) [   ] o.a.s.c.SolrResourceLoader Using system property solr.solr.home: D:\ForCoding\workplace\XinChi\solr\server\solr
2016-12-18 04:36:43.071 INFO  (main) [   ] o.a.s.c.SolrXmlConfig Loading container configuration from D:\ForCoding\workplace\XinChi\solr\server\solr\solr.xml
2016-12-18 04:36:43.700 INFO  (main) [   ] o.a.s.u.UpdateShardHandler Creating UpdateShardHandler HTTP client with params: socketTimeout=600000&connTimeout=60000&retry=true
2016-12-18 04:36:44.045 INFO  (main) [   ] o.a.s.c.CorePropertiesLocator Found 2 core definitions underneath D:\ForCoding\workplace\XinChi\solr\server\solr
2016-12-18 04:36:44.062 INFO  (main) [   ] o.a.s.c.CorePropertiesLocator Cores are: [payable, receivable]
2016-12-18 04:36:44.243 INFO  (main) [   ] o.e.j.s.ServerConnector Started ServerConnector@6913c1fb{HTTP/1.1,[http/1.1]}{0.0.0.0:8983}
2016-12-18 04:36:44.243 INFO  (main) [   ] o.e.j.s.Server Started @2905ms
2016-12-18 04:36:44.350 INFO  (coreLoadExecutor-6-thread-2) [   ] o.a.s.c.SolrResourceLoader [receivable] Added 3 libs to classloader, from paths: [/D:/ForCoding/workplace/XinChi/solr/extlib]
2016-12-18 04:36:44.350 INFO  (coreLoadExecutor-6-thread-1) [   ] o.a.s.c.SolrResourceLoader [payable] Added 3 libs to classloader, from paths: [/D:/ForCoding/workplace/XinChi/solr/extlib]
2016-12-18 04:36:44.693 INFO  (coreLoadExecutor-6-thread-2) [   ] o.a.s.c.SolrConfig Using Lucene MatchVersion: 6.3.0
2016-12-18 04:36:44.693 INFO  (coreLoadExecutor-6-thread-1) [   ] o.a.s.c.SolrConfig Using Lucene MatchVersion: 6.3.0
2016-12-18 04:36:45.034 INFO  (coreLoadExecutor-6-thread-2) [   ] o.a.s.s.IndexSchema [receivable] Schema name=receivable
2016-12-18 04:36:45.044 INFO  (coreLoadExecutor-6-thread-1) [   ] o.a.s.s.IndexSchema [payable] Schema name=payable
2016-12-18 04:36:45.707 INFO  (coreLoadExecutor-6-thread-1) [   ] o.a.s.s.IndexSchema Loaded schema payable/1.6 with uniqueid field id
2016-12-18 04:36:45.707 INFO  (coreLoadExecutor-6-thread-2) [   ] o.a.s.s.IndexSchema Loaded schema receivable/1.6 with uniqueid field id
2016-12-18 04:36:46.514 INFO  (coreLoadExecutor-6-thread-2) [   ] o.a.s.c.CoreContainer Creating SolrCore 'receivable' using configuration from instancedir D:\ForCoding\workplace\XinChi\solr\server\solr\receivable
2016-12-18 04:36:46.538 INFO  (coreLoadExecutor-6-thread-1) [   ] o.a.s.c.CoreContainer Creating SolrCore 'payable' using configuration from instancedir D:\ForCoding\workplace\XinChi\solr\server\solr\payable
2016-12-18 04:36:46.695 INFO  (coreLoadExecutor-6-thread-1) [   x:payable] o.a.s.c.SolrCore [[payable] ] Opening new SolrCore at [D:\ForCoding\workplace\XinChi\solr\server\solr\payable], dataDir=[F:\payable\]
2016-12-18 04:36:46.695 INFO  (coreLoadExecutor-6-thread-2) [   x:receivable] o.a.s.c.SolrCore [[receivable] ] Opening new SolrCore at [D:\ForCoding\workplace\XinChi\solr\server\solr\receivable], dataDir=[F:\data\]
2016-12-18 04:36:46.898 INFO  (coreLoadExecutor-6-thread-1) [   x:payable] o.a.s.r.XSLTResponseWriter xsltCacheLifetimeSeconds=5
2016-12-18 04:36:46.898 INFO  (coreLoadExecutor-6-thread-2) [   x:receivable] o.a.s.r.XSLTResponseWriter xsltCacheLifetimeSeconds=5
2016-12-18 04:36:47.336 INFO  (coreLoadExecutor-6-thread-1) [   x:payable] o.a.s.u.UpdateHandler Using UpdateLog implementation: org.apache.solr.update.UpdateLog
2016-12-18 04:36:47.336 INFO  (coreLoadExecutor-6-thread-2) [   x:receivable] o.a.s.u.UpdateHandler Using UpdateLog implementation: org.apache.solr.update.UpdateLog
2016-12-18 04:36:47.337 INFO  (coreLoadExecutor-6-thread-2) [   x:receivable] o.a.s.u.UpdateLog Initializing UpdateLog: dataDir= defaultSyncLevel=FLUSH numRecordsToKeep=100 maxNumLogsToKeep=10 numVersionBuckets=65536
2016-12-18 04:36:47.337 INFO  (coreLoadExecutor-6-thread-1) [   x:payable] o.a.s.u.UpdateLog Initializing UpdateLog: dataDir= defaultSyncLevel=FLUSH numRecordsToKeep=100 maxNumLogsToKeep=10 numVersionBuckets=65536
2016-12-18 04:36:47.393 INFO  (coreLoadExecutor-6-thread-2) [   x:receivable] o.a.s.u.CommitTracker Hard AutoCommit: if uncommited for 15000ms; 
2016-12-18 04:36:47.393 INFO  (coreLoadExecutor-6-thread-1) [   x:payable] o.a.s.u.CommitTracker Hard AutoCommit: if uncommited for 15000ms; 
2016-12-18 04:36:47.394 INFO  (coreLoadExecutor-6-thread-2) [   x:receivable] o.a.s.u.CommitTracker Soft AutoCommit: disabled
2016-12-18 04:36:47.394 INFO  (coreLoadExecutor-6-thread-1) [   x:payable] o.a.s.u.CommitTracker Soft AutoCommit: disabled
2016-12-18 04:36:47.763 INFO  (coreLoadExecutor-6-thread-1) [   x:payable] o.a.s.s.SolrIndexSearcher Opening [Searcher@12dc0c84[payable] main]
2016-12-18 04:36:47.763 INFO  (coreLoadExecutor-6-thread-2) [   x:receivable] o.a.s.s.SolrIndexSearcher Opening [Searcher@451cb58[receivable] main]
2016-12-18 04:36:47.777 INFO  (coreLoadExecutor-6-thread-2) [   x:receivable] o.a.s.r.ManagedResourceStorage File-based storage initialized to use dir: D:\ForCoding\workplace\XinChi\solr\server\solr\receivable\conf
2016-12-18 04:36:47.777 INFO  (coreLoadExecutor-6-thread-1) [   x:payable] o.a.s.r.ManagedResourceStorage File-based storage initialized to use dir: D:\ForCoding\workplace\XinChi\solr\server\solr\payable\conf
2016-12-18 04:36:47.796 INFO  (coreLoadExecutor-6-thread-1) [   x:payable] o.a.s.h.c.SpellCheckComponent Initializing spell checkers
2016-12-18 04:36:47.796 INFO  (coreLoadExecutor-6-thread-2) [   x:receivable] o.a.s.h.c.SpellCheckComponent Initializing spell checkers
2016-12-18 04:36:47.818 INFO  (coreLoadExecutor-6-thread-1) [   x:payable] o.a.s.s.DirectSolrSpellChecker init: {name=default,field=_text_,classname=solr.DirectSolrSpellChecker,distanceMeasure=internal,accuracy=0.5,maxEdits=2,minPrefix=1,maxInspections=5,minQueryLength=4,maxQueryFrequency=0.01}
2016-12-18 04:36:47.818 INFO  (coreLoadExecutor-6-thread-2) [   x:receivable] o.a.s.s.DirectSolrSpellChecker init: {name=default,field=_text_,classname=solr.DirectSolrSpellChecker,distanceMeasure=internal,accuracy=0.5,maxEdits=2,minPrefix=1,maxInspections=5,minQueryLength=4,maxQueryFrequency=0.01}
2016-12-18 04:36:47.821 INFO  (coreLoadExecutor-6-thread-1) [   x:payable] o.a.s.h.c.QueryElevationComponent Loading QueryElevation from: D:\ForCoding\workplace\XinChi\solr\server\solr\payable\conf\elevate.xml
2016-12-18 04:36:47.821 INFO  (coreLoadExecutor-6-thread-2) [   x:receivable] o.a.s.h.c.QueryElevationComponent Loading QueryElevation from: D:\ForCoding\workplace\XinChi\solr\server\solr\receivable\conf\elevate.xml
2016-12-18 04:36:47.863 INFO  (coreLoadExecutor-6-thread-2) [   x:receivable] o.a.s.h.ReplicationHandler Commits will be reserved for  10000
2016-12-18 04:36:47.865 INFO  (coreLoadExecutor-6-thread-1) [   x:payable] o.a.s.h.ReplicationHandler Commits will be reserved for  10000
2016-12-18 04:36:47.905 INFO  (searcherExecutor-8-thread-1-processing-x:payable) [   x:payable] o.a.s.c.QuerySenderListener QuerySenderListener sending requests to Searcher@12dc0c84[payable] main{ExitableDirectoryReader(UninvertingDirectoryReader(Uninverting(_7c(6.3.0):C118) Uninverting(_7d(6.3.0):C1) Uninverting(_7e(6.3.0):C1) Uninverting(_7f(6.3.0):C1)))}
2016-12-18 04:36:47.905 INFO  (searcherExecutor-7-thread-1-processing-x:receivable) [   x:receivable] o.a.s.c.QuerySenderListener QuerySenderListener sending requests to Searcher@451cb58[receivable] main{ExitableDirectoryReader(UninvertingDirectoryReader(Uninverting(_9w(6.3.0):C94) Uninverting(_9u(6.3.0):C1) Uninverting(_9y(6.3.0):C1)))}
2016-12-18 04:36:47.905 INFO  (searcherExecutor-8-thread-1-processing-x:payable) [   x:payable] o.a.s.c.QuerySenderListener QuerySenderListener done.
2016-12-18 04:36:47.905 INFO  (searcherExecutor-7-thread-1-processing-x:receivable) [   x:receivable] o.a.s.c.QuerySenderListener QuerySenderListener done.
2016-12-18 04:36:47.905 INFO  (searcherExecutor-8-thread-1-processing-x:payable) [   x:payable] o.a.s.h.c.SpellCheckComponent Loading spell index for spellchecker: default
2016-12-18 04:36:47.905 INFO  (searcherExecutor-7-thread-1-processing-x:receivable) [   x:receivable] o.a.s.h.c.SpellCheckComponent Loading spell index for spellchecker: default
2016-12-18 04:36:47.905 INFO  (searcherExecutor-8-thread-1-processing-x:payable) [   x:payable] o.a.s.c.SolrCore [payable] Registered new searcher Searcher@12dc0c84[payable] main{ExitableDirectoryReader(UninvertingDirectoryReader(Uninverting(_7c(6.3.0):C118) Uninverting(_7d(6.3.0):C1) Uninverting(_7e(6.3.0):C1) Uninverting(_7f(6.3.0):C1)))}
2016-12-18 04:36:47.905 INFO  (searcherExecutor-7-thread-1-processing-x:receivable) [   x:receivable] o.a.s.c.SolrCore [receivable] Registered new searcher Searcher@451cb58[receivable] main{ExitableDirectoryReader(UninvertingDirectoryReader(Uninverting(_9w(6.3.0):C94) Uninverting(_9u(6.3.0):C1) Uninverting(_9y(6.3.0):C1)))}
2016-12-18 04:36:49.695 INFO  (qtp870698190-23) [   ] o.a.s.s.HttpSolrCall [admin] webapp=null path=/admin/info/system params={wt=json} status=0 QTime=555
2016-12-18 04:37:00.836 INFO  (qtp870698190-21) [   x:receivable] o.a.s.u.p.LogUpdateProcessorFactory [receivable]  webapp=/solr path=/update params={wt=javabin&version=2}{add=[dnR4en9yfHN3eHJzdHF7ew (1554027192341495808)]} 0 560
2016-12-18 04:37:00.881 INFO  (qtp870698190-22) [   x:receivable] o.a.s.u.DirectUpdateHandler2 start commit{,optimize=false,openSearcher=true,waitSearcher=true,expungeDeletes=false,softCommit=false,prepareCommit=false}
2016-12-18 04:37:00.882 INFO  (qtp870698190-22) [   x:receivable] o.a.s.u.SolrIndexWriter Calling setCommitData with IW:org.apache.solr.update.SolrIndexWriter@2fffb119
2016-12-18 04:37:01.066 INFO  (qtp870698190-22) [   x:receivable] o.a.s.s.SolrIndexSearcher Opening [Searcher@49656699[receivable] main]
2016-12-18 04:37:01.069 INFO  (qtp870698190-22) [   x:receivable] o.a.s.u.DirectUpdateHandler2 end_commit_flush
2016-12-18 04:37:01.096 INFO  (searcherExecutor-7-thread-1-processing-x:receivable) [   x:receivable] o.a.s.c.QuerySenderListener QuerySenderListener sending requests to Searcher@49656699[receivable] main{ExitableDirectoryReader(UninvertingDirectoryReader(Uninverting(_9w(6.3.0):C94) Uninverting(_9u(6.3.0):C1) Uninverting(_9y(6.3.0):C1) Uninverting(_9z(6.3.0):C1)))}
2016-12-18 04:37:01.096 INFO  (searcherExecutor-7-thread-1-processing-x:receivable) [   x:receivable] o.a.s.c.QuerySenderListener QuerySenderListener done.
2016-12-18 04:37:01.096 INFO  (searcherExecutor-7-thread-1-processing-x:receivable) [   x:receivable] o.a.s.c.SolrCore [receivable] Registered new searcher Searcher@49656699[receivable] main{ExitableDirectoryReader(UninvertingDirectoryReader(Uninverting(_9w(6.3.0):C94) Uninverting(_9u(6.3.0):C1) Uninverting(_9y(6.3.0):C1) Uninverting(_9z(6.3.0):C1)))}
2016-12-18 04:37:01.097 INFO  (qtp870698190-22) [   x:receivable] o.a.s.u.p.LogUpdateProcessorFactory [receivable]  webapp=/solr path=/update params={waitSearcher=true&commit=true&softCommit=false&wt=javabin&version=2}{commit=} 0 216
2016-12-18 04:39:00.493 INFO  (qtp870698190-21) [   x:receivable] o.a.s.u.p.LogUpdateProcessorFactory [receivable]  webapp=/solr path=/update params={wt=javabin&version=2}{add=[fXx0cnuAfH13fnR1fXp-fQ (1554027318331047936)]} 0 7
2016-12-18 04:39:00.512 INFO  (qtp870698190-22) [   x:receivable] o.a.s.u.DirectUpdateHandler2 start commit{,optimize=false,openSearcher=true,waitSearcher=true,expungeDeletes=false,softCommit=false,prepareCommit=false}
2016-12-18 04:39:00.512 INFO  (qtp870698190-22) [   x:receivable] o.a.s.u.SolrIndexWriter Calling setCommitData with IW:org.apache.solr.update.SolrIndexWriter@2fffb119
2016-12-18 04:39:01.084 INFO  (qtp870698190-22) [   x:receivable] o.a.s.s.SolrIndexSearcher Opening [Searcher@4c45a625[receivable] main]
2016-12-18 04:39:01.085 INFO  (searcherExecutor-7-thread-1-processing-x:receivable) [   x:receivable] o.a.s.c.QuerySenderListener QuerySenderListener sending requests to Searcher@4c45a625[receivable] main{ExitableDirectoryReader(UninvertingDirectoryReader(Uninverting(_9w(6.3.0):C94) Uninverting(_9u(6.3.0):C1) Uninverting(_9y(6.3.0):C1) Uninverting(_9z(6.3.0):C1) Uninverting(_a0(6.3.0):C1)))}
2016-12-18 04:39:01.085 INFO  (qtp870698190-22) [   x:receivable] o.a.s.u.DirectUpdateHandler2 end_commit_flush
2016-12-18 04:39:01.085 INFO  (searcherExecutor-7-thread-1-processing-x:receivable) [   x:receivable] o.a.s.c.QuerySenderListener QuerySenderListener done.
2016-12-18 04:39:01.085 INFO  (searcherExecutor-7-thread-1-processing-x:receivable) [   x:receivable] o.a.s.c.SolrCore [receivable] Registered new searcher Searcher@4c45a625[receivable] main{ExitableDirectoryReader(UninvertingDirectoryReader(Uninverting(_9w(6.3.0):C94) Uninverting(_9u(6.3.0):C1) Uninverting(_9y(6.3.0):C1) Uninverting(_9z(6.3.0):C1) Uninverting(_a0(6.3.0):C1)))}
2016-12-18 04:39:01.086 INFO  (qtp870698190-22) [   x:receivable] o.a.s.u.p.LogUpdateProcessorFactory [receivable]  webapp=/solr path=/update params={waitSearcher=true&commit=true&softCommit=false&wt=javabin&version=2}{commit=} 0 573
2016-12-18 04:39:01.240 INFO  (qtp870698190-20) [   x:payable] o.a.s.u.p.LogUpdateProcessorFactory [payable]  webapp=/solr path=/update params={wt=javabin&version=2}{add=[cXF1e3N0fHh2dIB2d3pydQ (1554027319115382784)]} 0 7
2016-12-18 04:39:01.244 INFO  (qtp870698190-19) [   x:payable] o.a.s.u.DirectUpdateHandler2 start commit{,optimize=false,openSearcher=true,waitSearcher=true,expungeDeletes=false,softCommit=false,prepareCommit=false}
2016-12-18 04:39:01.244 INFO  (qtp870698190-19) [   x:payable] o.a.s.u.SolrIndexWriter Calling setCommitData with IW:org.apache.solr.update.SolrIndexWriter@15819aa2
2016-12-18 04:39:01.369 INFO  (qtp870698190-19) [   x:payable] o.a.s.s.SolrIndexSearcher Opening [Searcher@6c7a3b4[payable] main]
2016-12-18 04:39:01.370 INFO  (searcherExecutor-8-thread-1-processing-x:payable) [   x:payable] o.a.s.c.QuerySenderListener QuerySenderListener sending requests to Searcher@6c7a3b4[payable] main{ExitableDirectoryReader(UninvertingDirectoryReader(Uninverting(_7c(6.3.0):C118) Uninverting(_7d(6.3.0):C1) Uninverting(_7e(6.3.0):C1) Uninverting(_7f(6.3.0):C1) Uninverting(_7g(6.3.0):C1)))}
2016-12-18 04:39:01.370 INFO  (searcherExecutor-8-thread-1-processing-x:payable) [   x:payable] o.a.s.c.QuerySenderListener QuerySenderListener done.
2016-12-18 04:39:01.370 INFO  (qtp870698190-19) [   x:payable] o.a.s.u.DirectUpdateHandler2 end_commit_flush
2016-12-18 04:39:01.371 INFO  (searcherExecutor-8-thread-1-processing-x:payable) [   x:payable] o.a.s.c.SolrCore [payable] Registered new searcher Searcher@6c7a3b4[payable] main{ExitableDirectoryReader(UninvertingDirectoryReader(Uninverting(_7c(6.3.0):C118) Uninverting(_7d(6.3.0):C1) Uninverting(_7e(6.3.0):C1) Uninverting(_7f(6.3.0):C1) Uninverting(_7g(6.3.0):C1)))}
2016-12-18 04:39:01.371 INFO  (qtp870698190-19) [   x:payable] o.a.s.u.p.LogUpdateProcessorFactory [payable]  webapp=/solr path=/update params={waitSearcher=true&commit=true&softCommit=false&wt=javabin&version=2}{commit=} 0 127
2016-12-18 04:39:37.239 INFO  (qtp870698190-21) [   x:receivable] o.a.s.u.p.LogUpdateProcessorFactory [receivable]  webapp=/solr path=/update params={wt=javabin&version=2}{add=[fXx0cnuAfH13fnR1fXp-fQ (1554027356864118784)]} 0 5
2016-12-18 04:39:37.241 INFO  (qtp870698190-22) [   x:receivable] o.a.s.u.DirectUpdateHandler2 start commit{,optimize=false,openSearcher=true,waitSearcher=true,expungeDeletes=false,softCommit=false,prepareCommit=false}
2016-12-18 04:39:37.242 INFO  (qtp870698190-22) [   x:receivable] o.a.s.u.SolrIndexWriter Calling setCommitData with IW:org.apache.solr.update.SolrIndexWriter@2fffb119
2016-12-18 04:39:37.441 INFO  (qtp870698190-22) [   x:receivable] o.a.s.s.SolrIndexSearcher Opening [Searcher@32cc2b8[receivable] main]
2016-12-18 04:39:37.444 INFO  (searcherExecutor-7-thread-1-processing-x:receivable) [   x:receivable] o.a.s.c.QuerySenderListener QuerySenderListener sending requests to Searcher@32cc2b8[receivable] main{ExitableDirectoryReader(UninvertingDirectoryReader(Uninverting(_9w(6.3.0):C94) Uninverting(_9u(6.3.0):C1) Uninverting(_9y(6.3.0):C1) Uninverting(_9z(6.3.0):C1) Uninverting(_a1(6.3.0):C1)))}
2016-12-18 04:39:37.445 INFO  (searcherExecutor-7-thread-1-processing-x:receivable) [   x:receivable] o.a.s.c.QuerySenderListener QuerySenderListener done.
2016-12-18 04:39:37.445 INFO  (qtp870698190-22) [   x:receivable] o.a.s.u.DirectUpdateHandler2 end_commit_flush
2016-12-18 04:39:37.446 INFO  (searcherExecutor-7-thread-1-processing-x:receivable) [   x:receivable] o.a.s.c.SolrCore [receivable] Registered new searcher Searcher@32cc2b8[receivable] main{ExitableDirectoryReader(UninvertingDirectoryReader(Uninverting(_9w(6.3.0):C94) Uninverting(_9u(6.3.0):C1) Uninverting(_9y(6.3.0):C1) Uninverting(_9z(6.3.0):C1) Uninverting(_a1(6.3.0):C1)))}
2016-12-18 04:39:37.454 INFO  (qtp870698190-22) [   x:receivable] o.a.s.u.p.LogUpdateProcessorFactory [receivable]  webapp=/solr path=/update params={waitSearcher=true&commit=true&softCommit=false&wt=javabin&version=2}{commit=} 0 212
2016-12-18 04:39:37.610 INFO  (qtp870698190-20) [   x:payable] o.a.s.u.p.LogUpdateProcessorFactory [payable]  webapp=/solr path=/update params={wt=javabin&version=2}{add=[cXF1e3N0fHh2dIB2d3pydQ (1554027357252091904)]} 0 5
2016-12-18 04:39:37.613 INFO  (qtp870698190-19) [   x:payable] o.a.s.u.DirectUpdateHandler2 start commit{,optimize=false,openSearcher=true,waitSearcher=true,expungeDeletes=false,softCommit=false,prepareCommit=false}
2016-12-18 04:39:37.613 INFO  (qtp870698190-19) [   x:payable] o.a.s.u.SolrIndexWriter Calling setCommitData with IW:org.apache.solr.update.SolrIndexWriter@15819aa2
2016-12-18 04:39:37.746 INFO  (qtp870698190-19) [   x:payable] o.a.s.s.SolrIndexSearcher Opening [Searcher@3eba53e2[payable] main]
2016-12-18 04:39:37.747 INFO  (searcherExecutor-8-thread-1-processing-x:payable) [   x:payable] o.a.s.c.QuerySenderListener QuerySenderListener sending requests to Searcher@3eba53e2[payable] main{ExitableDirectoryReader(UninvertingDirectoryReader(Uninverting(_7c(6.3.0):C118) Uninverting(_7d(6.3.0):C1) Uninverting(_7e(6.3.0):C1) Uninverting(_7f(6.3.0):C1) Uninverting(_7h(6.3.0):C1)))}
2016-12-18 04:39:37.748 INFO  (searcherExecutor-8-thread-1-processing-x:payable) [   x:payable] o.a.s.c.QuerySenderListener QuerySenderListener done.
2016-12-18 04:39:37.748 INFO  (qtp870698190-19) [   x:payable] o.a.s.u.DirectUpdateHandler2 end_commit_flush
2016-12-18 04:39:37.748 INFO  (searcherExecutor-8-thread-1-processing-x:payable) [   x:payable] o.a.s.c.SolrCore [payable] Registered new searcher Searcher@3eba53e2[payable] main{ExitableDirectoryReader(UninvertingDirectoryReader(Uninverting(_7c(6.3.0):C118) Uninverting(_7d(6.3.0):C1) Uninverting(_7e(6.3.0):C1) Uninverting(_7f(6.3.0):C1) Uninverting(_7h(6.3.0):C1)))}
2016-12-18 04:39:37.751 INFO  (qtp870698190-19) [   x:payable] o.a.s.u.p.LogUpdateProcessorFactory [payable]  webapp=/solr path=/update params={waitSearcher=true&commit=true&softCommit=false&wt=javabin&version=2}{commit=} 0 138
2016-12-18 04:40:34.956 INFO  (qtp870698190-21) [   x:receivable] o.a.s.c.S.Request [receivable]  webapp=/solr path=/select params={q=*:*&start=0&sort=departure_date+desc&rows=20&wt=javabin&version=2} hits=98 status=0 QTime=103
2016-12-18 04:40:36.131 INFO  (qtp870698190-23) [   x:receivable] o.a.s.c.S.Request [receivable]  webapp=/solr path=/select params={q=client_employee_name:",+"&start=0&sort=departure_date+desc&rows=20&wt=javabin&version=2} hits=0 status=0 QTime=33
2016-12-18 05:25:01.214 INFO  (qtp870698190-23) [   x:receivable] o.a.s.c.S.Request [receivable]  webapp=/solr path=/select params={q=*:*&start=0&sort=departure_date+desc&rows=20&wt=javabin&version=2} hits=98 status=0 QTime=7
2016-12-18 05:28:15.963 INFO  (qtp870698190-15) [   x:receivable] o.a.s.c.S.Request [receivable]  webapp=/solr path=/select params={q=*:*&start=0&sort=departure_date+desc&rows=20&wt=javabin&version=2} hits=98 status=0 QTime=0
2016-12-18 05:28:16.788 INFO  (qtp870698190-20) [   x:payable] o.a.s.c.S.Request [payable]  webapp=/solr path=/select params={q=*:*&start=0&sort=departure_date+desc&rows=20&wt=javabin&version=2} hits=122 status=0 QTime=6
2016-12-18 05:28:18.996 INFO  (qtp870698190-14) [   x:payable] o.a.s.c.S.Request [payable]  webapp=/solr path=/select params={q=*:*&start=0&sort=departure_date+desc&rows=20&wt=javabin&version=2} hits=122 status=0 QTime=0
2016-12-18 05:28:19.996 INFO  (qtp870698190-15) [   x:payable] o.a.s.c.S.Request [payable]  webapp=/solr path=/select params={q=*:*&start=0&sort=departure_date+desc&rows=20&wt=javabin&version=2} hits=122 status=0 QTime=0
2016-12-18 05:28:28.661 INFO  (qtp870698190-19) [   x:payable] o.a.s.c.S.Request [payable]  webapp=/solr path=/select params={q=*:*&start=20&sort=departure_date+desc&rows=20&wt=javabin&version=2} hits=122 status=0 QTime=1
2016-12-18 05:28:30.403 INFO  (qtp870698190-20) [   x:payable] o.a.s.c.S.Request [payable]  webapp=/solr path=/select params={q=*:*&start=40&sort=departure_date+desc&rows=20&wt=javabin&version=2} hits=122 status=0 QTime=1
2016-12-18 05:28:31.714 INFO  (qtp870698190-19) [   x:payable] o.a.s.c.S.Request [payable]  webapp=/solr path=/select params={q=*:*&start=80&sort=departure_date+desc&rows=20&wt=javabin&version=2} hits=122 status=0 QTime=0
2016-12-18 05:28:33.488 INFO  (qtp870698190-15) [   x:payable] o.a.s.c.S.Request [payable]  webapp=/solr path=/select params={q=*:*&start=100&sort=departure_date+desc&rows=20&wt=javabin&version=2} hits=122 status=0 QTime=1
2016-12-18 05:28:34.590 INFO  (qtp870698190-14) [   x:payable] o.a.s.c.S.Request [payable]  webapp=/solr path=/select params={q=*:*&start=120&sort=departure_date+desc&rows=20&wt=javabin&version=2} hits=122 status=0 QTime=1
2016-12-18 05:29:43.316 INFO  (qtp870698190-22) [   x:receivable] o.a.s.c.S.Request [receivable]  webapp=/solr path=/select params={q=*:*&start=0&sort=departure_date+desc&rows=20&wt=javabin&version=2} hits=98 status=0 QTime=0
2016-12-18 05:29:44.274 INFO  (qtp870698190-17) [   x:payable] o.a.s.c.S.Request [payable]  webapp=/solr path=/select params={q=*:*&start=0&sort=departure_date+desc&rows=20&wt=javabin&version=2} hits=122 status=0 QTime=0
2016-12-18 05:29:46.209 INFO  (qtp870698190-19) [   x:payable] o.a.s.c.S.Request [payable]  webapp=/solr path=/select params={q=*:*&start=0&sort=departure_date+desc&rows=20&wt=javabin&version=2} hits=122 status=0 QTime=0
2016-12-18 05:29:47.148 INFO  (qtp870698190-23) [   x:payable] o.a.s.c.S.Request [payable]  webapp=/solr path=/select params={q=*:*&start=0&sort=departure_date+desc&rows=20&wt=javabin&version=2} hits=122 status=0 QTime=0
2016-12-18 05:29:47.849 INFO  (qtp870698190-17) [   x:payable] o.a.s.c.S.Request [payable]  webapp=/solr path=/select params={q=*:*&start=0&sort=departure_date+desc&rows=20&wt=javabin&version=2} hits=122 status=0 QTime=0
2016-12-18 05:30:34.380 INFO  (qtp870698190-19) [   x:receivable] o.a.s.c.S.Request [receivable]  webapp=/solr path=/select params={q=*:*&start=0&sort=departure_date+desc&rows=20&wt=javabin&version=2} hits=98 status=0 QTime=0
2016-12-18 05:30:35.169 INFO  (qtp870698190-21) [   x:payable] o.a.s.c.S.Request [payable]  webapp=/solr path=/select params={q=*:*&start=0&sort=departure_date+desc&rows=20&wt=javabin&version=2} hits=122 status=0 QTime=0
2016-12-18 05:30:36.888 INFO  (qtp870698190-23) [   x:payable] o.a.s.c.S.Request [payable]  webapp=/solr path=/select params={q=*:*&start=0&sort=departure_date+desc&rows=20&wt=javabin&version=2} hits=122 status=0 QTime=0
2016-12-18 05:33:13.868 INFO  (qtp870698190-14) [   x:receivable] o.a.s.c.S.Request [receivable]  webapp=/solr path=/select params={q=*:*&start=0&sort=departure_date+desc&rows=20&wt=javabin&version=2} hits=98 status=0 QTime=0
2016-12-18 05:33:14.770 INFO  (qtp870698190-21) [   x:payable] o.a.s.c.S.Request [payable]  webapp=/solr path=/select params={q=*:*&start=0&sort=departure_date+desc&rows=20&wt=javabin&version=2} hits=122 status=0 QTime=0
2016-12-18 05:33:15.938 INFO  (qtp870698190-23) [   x:payable] o.a.s.c.S.Request [payable]  webapp=/solr path=/select params={q=*:*&start=0&sort=departure_date+desc&rows=20&wt=javabin&version=2} hits=122 status=0 QTime=0
2016-12-18 05:33:16.663 INFO  (qtp870698190-17) [   x:payable] o.a.s.c.S.Request [payable]  webapp=/solr path=/select params={q=*:*&start=0&sort=departure_date+desc&rows=20&wt=javabin&version=2} hits=122 status=0 QTime=0
2016-12-18 05:33:17.957 INFO  (qtp870698190-18) [   x:payable] o.a.s.c.S.Request [payable]  webapp=/solr path=/select params={q=*:*&start=0&sort=departure_date+desc&rows=20&wt=javabin&version=2} hits=122 status=0 QTime=0
2016-12-18 05:33:18.731 INFO  (qtp870698190-22) [   x:payable] o.a.s.c.S.Request [payable]  webapp=/solr path=/select params={q=*:*&start=0&sort=departure_date+desc&rows=20&wt=javabin&version=2} hits=122 status=0 QTime=0
2016-12-18 05:33:19.481 INFO  (qtp870698190-17) [   x:payable] o.a.s.c.S.Request [payable]  webapp=/solr path=/select params={q=*:*&start=0&sort=departure_date+desc&rows=20&wt=javabin&version=2} hits=122 status=0 QTime=0
2016-12-18 05:33:36.843 INFO  (qtp870698190-18) [   x:payable] o.a.s.c.S.Request [payable]  webapp=/solr path=/select params={q=sales_name:"孙亚飞"&start=0&sort=departure_date+desc&rows=20&wt=javabin&version=2} hits=31 status=0 QTime=107
2016-12-18 05:33:46.367 INFO  (qtp870698190-21) [   x:payable] o.a.s.c.S.Request [payable]  webapp=/solr path=/select params={q=sales_name:"张馨文"&start=0&sort=departure_date+desc&rows=20&wt=javabin&version=2} hits=72 status=0 QTime=3
2016-12-18 05:35:22.031 INFO  (qtp870698190-20) [   x:receivable] o.a.s.c.S.Request [receivable]  webapp=/solr path=/select params={q=*:*&start=0&sort=departure_date+desc&rows=20&wt=javabin&version=2} hits=98 status=0 QTime=0
2016-12-18 05:35:22.961 INFO  (qtp870698190-21) [   x:payable] o.a.s.c.S.Request [payable]  webapp=/solr path=/select params={q=*:*&start=0&sort=departure_date+desc&rows=20&wt=javabin&version=2} hits=122 status=0 QTime=0
2016-12-18 05:35:23.844 INFO  (qtp870698190-19) [   x:payable] o.a.s.c.S.Request [payable]  webapp=/solr path=/select params={q=*:*&start=0&sort=departure_date+desc&rows=20&wt=javabin&version=2} hits=122 status=0 QTime=0
2016-12-18 05:35:24.493 INFO  (qtp870698190-18) [   x:payable] o.a.s.c.S.Request [payable]  webapp=/solr path=/select params={q=*:*&start=0&sort=departure_date+desc&rows=20&wt=javabin&version=2} hits=122 status=0 QTime=0
2016-12-18 05:36:35.377 INFO  (qtp870698190-20) [   x:receivable] o.a.s.c.S.Request [receivable]  webapp=/solr path=/select params={q=*:*&start=0&sort=departure_date+desc&rows=20&wt=javabin&version=2} hits=98 status=0 QTime=0
2016-12-18 05:36:36.234 INFO  (qtp870698190-21) [   x:payable] o.a.s.c.S.Request [payable]  webapp=/solr path=/select params={q=*:*&start=0&sort=departure_date+desc&rows=20&wt=javabin&version=2} hits=122 status=0 QTime=0
2016-12-18 05:36:38.028 INFO  (qtp870698190-19) [   x:payable] o.a.s.c.S.Request [payable]  webapp=/solr path=/select params={q=*:*&start=0&sort=departure_date+desc&rows=20&wt=javabin&version=2} hits=122 status=0 QTime=0
2016-12-18 05:37:10.970 INFO  (qtp870698190-18) [   x:receivable] o.a.s.c.S.Request [receivable]  webapp=/solr path=/select params={q=*:*&start=0&sort=departure_date+desc&rows=20&wt=javabin&version=2} hits=98 status=0 QTime=1
2016-12-18 05:37:11.554 INFO  (qtp870698190-22) [   x:receivable] o.a.s.c.S.Request [receivable]  webapp=/solr path=/select params={q=*:*&start=0&sort=departure_date+desc&rows=20&wt=javabin&version=2} hits=98 status=0 QTime=0
2016-12-18 05:37:12.210 INFO  (qtp870698190-20) [   x:receivable] o.a.s.c.S.Request [receivable]  webapp=/solr path=/select params={q=*:*&start=0&sort=departure_date+desc&rows=20&wt=javabin&version=2} hits=98 status=0 QTime=0
2016-12-18 05:37:12.723 INFO  (qtp870698190-18) [   x:receivable] o.a.s.c.S.Request [receivable]  webapp=/solr path=/select params={q=*:*&start=0&sort=departure_date+desc&rows=20&wt=javabin&version=2} hits=98 status=0 QTime=0
2016-12-18 05:37:17.999 INFO  (qtp870698190-17) [   x:payable] o.a.s.c.S.Request [payable]  webapp=/solr path=/select params={q=*:*&start=0&sort=departure_date+desc&rows=20&wt=javabin&version=2} hits=122 status=0 QTime=0
2016-12-18 05:37:19.321 INFO  (qtp870698190-21) [   x:payable] o.a.s.c.S.Request [payable]  webapp=/solr path=/select params={q=*:*&start=0&sort=departure_date+desc&rows=20&wt=javabin&version=2} hits=122 status=0 QTime=0
2016-12-18 05:37:19.987 INFO  (qtp870698190-14) [   x:payable] o.a.s.c.S.Request [payable]  webapp=/solr path=/select params={q=*:*&start=0&sort=departure_date+desc&rows=20&wt=javabin&version=2} hits=122 status=0 QTime=0
2016-12-18 05:37:23.385 INFO  (qtp870698190-17) [   x:payable] o.a.s.c.S.Request [payable]  webapp=/solr path=/select params={q=sales_name:"张馨文"&start=0&sort=departure_date+desc&rows=20&wt=javabin&version=2} hits=72 status=0 QTime=1
2016-12-18 05:37:25.994 INFO  (qtp870698190-22) [   x:payable] o.a.s.c.S.Request [payable]  webapp=/solr path=/select params={q=sales_name:"张薇薇"&start=0&sort=departure_date+desc&rows=20&wt=javabin&version=2} hits=0 status=0 QTime=1
2016-12-18 05:37:28.237 INFO  (qtp870698190-21) [   x:payable] o.a.s.c.S.Request [payable]  webapp=/solr path=/select params={q=sales_name:"张强"&start=0&sort=departure_date+desc&rows=20&wt=javabin&version=2} hits=1 status=0 QTime=2
2016-12-18 05:37:30.730 INFO  (qtp870698190-23) [   x:payable] o.a.s.c.S.Request [payable]  webapp=/solr path=/select params={q=sales_name:"赵连彬"&start=0&sort=departure_date+desc&rows=20&wt=javabin&version=2} hits=7 status=0 QTime=3
2016-12-18 05:37:32.958 INFO  (qtp870698190-15) [   x:payable] o.a.s.c.S.Request [payable]  webapp=/solr path=/select params={q=*:*&start=0&sort=departure_date+desc&rows=20&wt=javabin&version=2} hits=122 status=0 QTime=0
2016-12-18 05:38:20.170 INFO  (qtp870698190-18) [   x:payable] o.a.s.c.S.Request [payable]  webapp=/solr path=/select params={q=sales_name:"张馨文"&start=0&sort=departure_date+desc&rows=20&wt=javabin&version=2} hits=72 status=0 QTime=0
2016-12-18 05:38:20.837 INFO  (qtp870698190-20) [   x:payable] o.a.s.c.S.Request [payable]  webapp=/solr path=/select params={q=sales_name:"张馨文"&start=0&sort=departure_date+desc&rows=20&wt=javabin&version=2} hits=72 status=0 QTime=1
2016-12-18 05:38:37.513 INFO  (qtp870698190-14) [   x:receivable] o.a.s.c.S.Request [receivable]  webapp=/solr path=/select params={q=*:*&start=0&sort=departure_date+desc&rows=20&wt=javabin&version=2} hits=98 status=0 QTime=0
2016-12-18 05:38:41.159 INFO  (qtp870698190-17) [   x:receivable] o.a.s.c.S.Request [receivable]  webapp=/solr path=/select params={q=sales_name:"牛世行"&start=0&sort=departure_date+desc&rows=20&wt=javabin&version=2} hits=3 status=0 QTime=5
2016-12-18 05:38:48.866 INFO  (qtp870698190-18) [   x:receivable] o.a.s.c.S.Request [receivable]  webapp=/solr path=/select params={q=sales_name:"牛世行"&start=0&sort=departure_date+desc&rows=20&wt=javabin&version=2} hits=3 status=0 QTime=1
2016-12-18 05:41:14.393 INFO  (qtp870698190-17) [   x:receivable] o.a.s.c.S.Request [receivable]  webapp=/solr path=/select params={q=*:*&start=0&sort=departure_date+desc&rows=20&wt=javabin&version=2} hits=98 status=0 QTime=0
2016-12-18 05:41:15.308 INFO  (qtp870698190-23) [   x:payable] o.a.s.c.S.Request [payable]  webapp=/solr path=/select params={q=*:*&start=0&sort=departure_date+desc&rows=20&wt=javabin&version=2} hits=122 status=0 QTime=0
2016-12-18 05:41:17.874 INFO  (qtp870698190-18) [   x:payable] o.a.s.c.S.Request [payable]  webapp=/solr path=/select params={q=*:*&start=0&sort=departure_date+desc&rows=20&wt=javabin&version=2} hits=122 status=0 QTime=0
2016-12-18 05:41:18.389 INFO  (qtp870698190-15) [   x:payable] o.a.s.c.S.Request [payable]  webapp=/solr path=/select params={q=*:*&start=0&sort=departure_date+desc&rows=20&wt=javabin&version=2} hits=122 status=0 QTime=0
2016-12-18 05:41:19.449 INFO  (qtp870698190-14) [   x:receivable] o.a.s.c.S.Request [receivable]  webapp=/solr path=/select params={q=*:*&start=0&sort=departure_date+desc&rows=20&wt=javabin&version=2} hits=98 status=0 QTime=0
2016-12-18 05:44:41.379 INFO  (qtp870698190-15) [   x:receivable] o.a.s.c.S.Request [receivable]  webapp=/solr path=/select params={q=*:*&start=0&sort=departure_date+desc&rows=20&wt=javabin&version=2} hits=98 status=0 QTime=0
2016-12-18 05:54:10.054 INFO  (qtp870698190-23) [   x:receivable] o.a.s.c.S.Request [receivable]  webapp=/solr path=/select params={q=*:*&start=0&sort=departure_date+desc&rows=20&wt=javabin&version=2} hits=98 status=0 QTime=0
2016-12-18 05:54:10.837 INFO  (qtp870698190-20) [   x:payable] o.a.s.c.S.Request [payable]  webapp=/solr path=/select params={q=*:*&start=0&sort=departure_date+desc&rows=20&wt=javabin&version=2} hits=122 status=0 QTime=0
2016-12-18 05:54:32.892 INFO  (qtp870698190-18) [   x:payable] o.a.s.c.S.Request [payable]  webapp=/solr path=/select params={q=*:*&start=0&sort=departure_date+desc&rows=20&wt=javabin&version=2} hits=122 status=0 QTime=0
2016-12-18 05:55:12.517 INFO  (qtp870698190-14) [   x:payable] o.a.s.c.S.Request [payable]  webapp=/solr path=/select params={q=sales_name:"牛世行"&start=0&sort=departure_date+desc&rows=20&wt=javabin&version=2} hits=1 status=0 QTime=10
2016-12-18 05:56:03.236 INFO  (qtp870698190-20) [   x:payable] o.a.s.c.S.Request [payable]  webapp=/solr path=/select params={q=*:*&start=0&sort=departure_date+desc&rows=20&wt=javabin&version=2} hits=122 status=0 QTime=0
2016-12-18 05:56:39.094 INFO  (qtp870698190-22) [   x:payable] o.a.s.c.S.Request [payable]  webapp=/solr path=/select params={q=*:*&start=0&sort=departure_date+desc&rows=20&wt=javabin&version=2} hits=122 status=0 QTime=0
2016-12-18 05:56:42.453 INFO  (qtp870698190-21) [   x:payable] o.a.s.c.S.Request [payable]  webapp=/solr path=/select params={q=*:*&start=0&sort=departure_date+desc&rows=20&wt=javabin&version=2} hits=122 status=0 QTime=0
2016-12-18 05:56:47.662 INFO  (qtp870698190-18) [   x:payable] o.a.s.c.S.Request [payable]  webapp=/solr path=/select params={q=*:*&start=0&sort=departure_date+desc&rows=20&wt=javabin&version=2} hits=122 status=0 QTime=0
2016-12-18 06:00:28.478 INFO  (qtp870698190-15) [   x:payable] o.a.s.c.S.Request [payable]  webapp=/solr path=/select params={q=*:*&start=0&sort=departure_date+desc&rows=20&wt=javabin&version=2} hits=122 status=0 QTime=0
2016-12-18 06:00:31.765 INFO  (qtp870698190-21) [   x:payable] o.a.s.c.S.Request [payable]  webapp=/solr path=/select params={q=*:*&start=0&sort=departure_date+desc&rows=20&wt=javabin&version=2} hits=122 status=0 QTime=0
2016-12-18 06:01:35.762 INFO  (qtp870698190-23) [   x:payable] o.a.s.c.S.Request [payable]  webapp=/solr path=/select params={q=supplier_employee_name:"张馨文"&start=0&sort=departure_date+desc&rows=20&wt=javabin&version=2} hits=26 status=0 QTime=3
2016-12-18 06:01:39.167 INFO  (qtp870698190-19) [   x:payable] o.a.s.c.S.Request [payable]  webapp=/solr path=/select params={q=supplier_employee_name:"张馨文"&start=20&sort=departure_date+desc&rows=20&wt=javabin&version=2} hits=26 status=0 QTime=3
2016-12-18 06:01:40.553 INFO  (qtp870698190-22) [   x:payable] o.a.s.c.S.Request [payable]  webapp=/solr path=/select params={q=supplier_employee_name:"张馨文"&start=0&sort=departure_date+desc&rows=20&wt=javabin&version=2} hits=26 status=0 QTime=1
2016-12-18 06:02:33.278 INFO  (ShutdownMonitor) [   ] o.e.j.s.ServerConnector Stopped ServerConnector@6913c1fb{HTTP/1.1,[http/1.1]}{0.0.0.0:8983}
2016-12-18 06:02:33.280 INFO  (ShutdownMonitor) [   ] o.a.s.c.CoreContainer Shutting down CoreContainer instance=592617454
2016-12-18 06:02:33.283 INFO  (coreCloseExecutor-17-thread-1) [   x:payable] o.a.s.c.SolrCore [payable]  CLOSING SolrCore org.apache.solr.core.SolrCore@62e5a2e1
2016-12-18 06:02:33.283 INFO  (coreCloseExecutor-17-thread-2) [   x:receivable] o.a.s.c.SolrCore [receivable]  CLOSING SolrCore org.apache.solr.core.SolrCore@4bf32ca4
2016-12-18 06:02:33.312 WARN  (ShutdownMonitor) [   ] o.e.j.s.ServletContextHandler ServletContextHandler.setHandler should not be called directly. Use insertHandler or setSessionHandler etc.
